TN:
SF:contracts/Create2Factory.sol
FN:29,Create2Factory.deploy
FN:29,deploy
FN:53,Create2Factory.deployAndInit
FN:53,deployAndInit
FN:72,deployedAddress
FN:72,Create2Factory.deployedAddress
FN:94,_deploy
FN:94,Create2Factory._deploy
FNDA:0,Create2Factory.deployedAddress
FNDA:0,_deploy
FNDA:0,deploy
FNDA:0,deployedAddress
FNDA:0,Create2Factory.deploy
FNDA:0,Create2Factory._deploy
FNDA:0,deployAndInit
FNDA:0,Create2Factory.deployAndInit
FNF:8
FNH:0
DA:33,0
DA:58,0
DA:64,0
DA:65,0
DA:77,0
DA:78,0
DA:98,0
DA:101,0
DA:102,0
DA:110,0
DA:112,0
LF:11
LH:0
end_of_record
TN:
SF:contracts/HyperlaneConnectionClient.sol
FN:49,onlyMailbox
FN:57,onlyContract
FN:92,HyperlaneConnectionClient.__HyperlaneConnectionClient_initialize
FN:97,__HyperlaneConnectionClient_initialize
FN:110,HyperlaneConnectionClient.setMailbox
FN:110,setMailbox
FN:118,HyperlaneConnectionClient.setInterchainGasPaymaster
FN:121,setInterchainGasPaymaster
FN:126,HyperlaneConnectionClient.setInterchainSecurityModule
FN:129,setInterchainSecurityModule
FN:140,HyperlaneConnectionClient._setInterchainGasPaymaster
FN:142,_setInterchainGasPaymaster
FN:154,_setMailbox
FN:154,HyperlaneConnectionClient._setMailbox
FN:159,HyperlaneConnectionClient._setInterchainSecurityModule
FN:159,_setInterchainSecurityModule
FNDA:24,setInterchainGasPaymaster
FNDA:0,_setInterchainSecurityModule
FNDA:0,HyperlaneConnectionClient._setInterchainSecurityModule
FNDA:302,_setMailbox
FNDA:0,HyperlaneConnectionClient.setInterchainSecurityModule
FNDA:0,HyperlaneConnectionClient.setMailbox
FNDA:0,setInterchainSecurityModule
FNDA:326,onlyContract
FNDA:0,HyperlaneConnectionClient.setInterchainGasPaymaster
FNDA:24,_setInterchainGasPaymaster
FNDA:0,HyperlaneConnectionClient.__HyperlaneConnectionClient_initialize
FNDA:299,__HyperlaneConnectionClient_initialize
FNDA:3,setMailbox
FNDA:0,HyperlaneConnectionClient._setMailbox
FNDA:0,HyperlaneConnectionClient._setInterchainGasPaymaster
FNDA:14,onlyMailbox
FNF:16
FNH:7
DA:50,14
DA:51,13
DA:58,326
DA:59,326
DA:68,299
DA:69,299
DA:76,0
DA:77,0
DA:85,0
DA:86,0
DA:98,0
DA:99,0
DA:100,0
DA:101,0
DA:111,3
DA:123,24
DA:131,0
DA:144,24
DA:147,24
DA:155,302
DA:156,302
DA:160,0
DA:164,0
DA:165,0
LF:24
LH:12
end_of_record
TN:
SF:contracts/Mailbox.sol
FN:110,constructor
FN:116,Mailbox.initialize
FN:118,initialize
FN:132,setDefaultIsm
FN:132,Mailbox.setDefaultIsm
FN:143,Mailbox.dispatch
FN:147,dispatch
FN:179,Mailbox.process
FN:182,process
FN:213,Mailbox.root
FN:213,root
FN:220,count
FN:220,Mailbox.count
FN:230,latestCheckpoint
FN:230,Mailbox.latestCheckpoint
FN:238,pause
FN:238,Mailbox.pause
FN:247,Mailbox.unpause
FN:247,unpause
FN:255,Mailbox.isPaused
FN:255,isPaused
FN:265,Mailbox.recipientIsm
FN:265,recipientIsm
FN:292,Mailbox._setDefaultIsm
FN:292,_setDefaultIsm
FNDA:0,Mailbox.recipientIsm
FNDA:0,Mailbox.pause
FNDA:1,isPaused
FNDA:0,Mailbox.setDefaultIsm
FNDA:73,dispatch
FNDA:47,recipientIsm
FNDA:480,initialize
FNDA:0,Mailbox.latestCheckpoint
FNDA:0,Mailbox.count
FNDA:0,Mailbox.dispatch
FNDA:0,Mailbox.unpause
FNDA:0,Mailbox._setDefaultIsm
FNDA:0,Mailbox.isPaused
FNDA:484,_setDefaultIsm
FNDA:3,unpause
FNDA:0,Mailbox.process
FNDA:0,Mailbox.root
FNDA:5,root
FNDA:4,setDefaultIsm
FNDA:9,pause
FNDA:171,constructor
FNDA:0,Mailbox.initialize
FNDA:48,process
FNDA:0,latestCheckpoint
FNDA:104,count
FNF:25
FNH:12
DA:111,171
DA:120,480
DA:121,480
DA:122,480
DA:123,480
DA:133,4
DA:148,73
DA:150,72
DA:161,72
DA:162,72
DA:163,72
DA:169,72
DA:170,70
DA:185,48
DA:186,47
DA:189,46
DA:190,46
DA:191,45
DA:194,45
DA:197,44
DA:200,43
DA:201,43
DA:202,43
DA:203,43
DA:204,35
DA:205,35
DA:214,5
DA:222,104
DA:231,0
DA:239,9
DA:240,9
DA:248,3
DA:249,3
DA:256,1
DA:274,47
DA:275,0
DA:279,41
DA:280,1
DA:283,45
DA:293,484
DA:294,483
DA:295,483
LF:42
LH:40
end_of_record
TN:
SF:contracts/OwnableMulticall.sol
FN:17,constructor
FN:21,OwnableMulticall.initialize
FN:21,initialize
FN:25,proxyCalls
FN:25,OwnableMulticall.proxyCalls
FNDA:0,constructor
FNDA:0,initialize
FNDA:768,OwnableMulticall.proxyCalls
FNDA:0,proxyCalls
FNDA:770,OwnableMulticall.initialize
FNF:5
FNH:2
DA:18,0
DA:22,770
DA:26,768
LF:3
LH:2
end_of_record
TN:
SF:contracts/PausableReentrancyGuard.sol
FN:17,PausableReentrancyGuardUpgradeable.__PausableReentrancyGuard_init
FN:17,__PausableReentrancyGuard_init
FN:21,_isPaused
FN:21,PausableReentrancyGuardUpgradeable._isPaused
FN:25,_pause
FN:25,PausableReentrancyGuardUpgradeable._pause
FN:29,_unpause
FN:29,PausableReentrancyGuardUpgradeable._unpause
FN:37,notPaused
FN:49,nonReentrantAndNotPaused
FNDA:9,_pause
FNDA:87,_isPaused
FNDA:0,PausableReentrancyGuardUpgradeable.__PausableReentrancyGuard_init
FNDA:3,_unpause
FNDA:6,PausableReentrancyGuardUpgradeable._isPaused
FNDA:83,notPaused
FNDA:480,__PausableReentrancyGuard_init
FNDA:49,nonReentrantAndNotPaused
FNDA:2,PausableReentrancyGuardUpgradeable._pause
FNDA:1,PausableReentrancyGuardUpgradeable._unpause
FNF:10
FNH:9
DA:18,480
DA:22,93
DA:26,11
DA:30,4
DA:31,4
DA:38,83
DA:39,82
DA:51,49
DA:54,48
DA:56,48
DA:60,35
LF:11
LH:11
end_of_record
TN:
SF:contracts/Router.sol
FN:36,onlyRemoteRouter
FN:59,Router.__Router_initialize
FN:63,__Router_initialize
FN:72,domains
FN:72,Router.domains
FN:81,routers
FN:81,Router.routers
FN:94,Router.enrollRemoteRouter
FN:97,enrollRemoteRouter
FN:107,Router.enrollRemoteRouters
FN:110,enrollRemoteRouters
FN:123,Router.handle
FN:127,handle
FN:146,Router._enrollRemoteRouter
FN:146,_enrollRemoteRouter
FN:156,Router._isRemoteRouter
FN:156,_isRemoteRouter
FN:169,Router._mustHaveRemoteRouter
FN:169,_mustHaveRemoteRouter
FN:188,Router._dispatchWithGas
FN:188,_dispatchWithGas
FN:213,_dispatch
FN:213,Router._dispatch
FNDA:12,handle
FNDA:0,Router._enrollRemoteRouter
FNDA:25,_dispatchWithGas
FNDA:1,domains
FNDA:4108,Router._mustHaveRemoteRouter
FNDA:6,enrollRemoteRouters
FNDA:17,_isRemoteRouter
FNDA:0,Router._dispatchWithGas
FNDA:0,Router.__Router_initialize
FNDA:52,_dispatch
FNDA:3335,Router._isRemoteRouter
FNDA:24,enrollRemoteRouter
FNDA:33,_enrollRemoteRouter
FNDA:56,_mustHaveRemoteRouter
FNDA:0,__Router_initialize
FNDA:0,Router.enrollRemoteRouter
FNDA:3340,Router._dispatch
FNDA:3335,Router.handle
FNDA:13,onlyRemoteRouter
FNDA:0,Router.domains
FNDA:0,Router.routers
FNDA:0,Router.enrollRemoteRouters
FNDA:75,routers
FNF:23
FNH:15
DA:37,13
DA:41,12
DA:46,0
DA:53,0
DA:64,0
DA:73,1
DA:74,1
DA:75,1
DA:76,2
DA:78,1
DA:82,7524
DA:83,7517
DA:85,7
DA:99,24
DA:111,6
DA:112,6
DA:113,9
DA:129,3347
DA:147,33
DA:148,33
DA:161,3352
DA:174,4164
DA:175,4164
DA:195,25
DA:198,24
DA:219,3392
DA:220,3390
LF:27
LH:24
end_of_record
TN:
SF:contracts/ValidatorAnnounce.sol
FN:54,constructor
FN:68,announce
FN:68,ValidatorAnnounce.announce
FN:101,getAnnouncedStorageLocations
FN:101,ValidatorAnnounce.getAnnouncedStorageLocations
FN:114,getAnnouncedValidators
FN:114,ValidatorAnnounce.getAnnouncedValidators
FNDA:0,announce
FNDA:3,ValidatorAnnounce.announce
FNDA:0,getAnnouncedValidators
FNDA:2,ValidatorAnnounce.getAnnouncedStorageLocations
FNDA:2,ValidatorAnnounce.getAnnouncedValidators
FNDA:0,getAnnouncedStorageLocations
FNDA:0,constructor
FNF:7
FNH:3
DA:55,0
DA:56,0
DA:75,3
DA:78,3
DA:79,2
DA:82,2
DA:84,2
DA:85,2
DA:88,2
DA:89,1
DA:91,2
DA:92,2
DA:93,2
DA:106,2
DA:107,2
DA:108,2
DA:110,2
DA:115,2
LF:18
LH:16
end_of_record
TN:
SF:contracts/igps/InterchainGasPaymaster.sol
FN:31,constructor
FN:37,InterchainGasPaymaster.initialize
FN:37,initialize
FN:51,payForGas
FN:51,InterchainGasPaymaster.payForGas
FN:80,InterchainGasPaymaster.quoteGasPayment
FN:80,quoteGasPayment
FN:98,InterchainGasPaymaster.claim
FN:98,claim
FNDA:12,claim
FNDA:772,InterchainGasPaymaster.payForGas
FNDA:63,quoteGasPayment
FNDA:769,InterchainGasPaymaster.quoteGasPayment
FNDA:0,InterchainGasPaymaster.claim
FNDA:36,initialize
FNDA:60,payForGas
FNDA:0,InterchainGasPaymaster.initialize
FNDA:36,constructor
FNF:9
FNH:7
DA:32,36
DA:38,36
DA:57,832
DA:61,832
DA:65,829
DA:66,829
DA:67,61
DA:68,56
DA:71,824
DA:87,63
DA:88,63
DA:91,1604
DA:100,12
DA:101,10
LF:14
LH:14
end_of_record
TN:
SF:contracts/igps/OverheadIgp.sol
FN:44,constructor
FN:59,payForGas
FN:59,OverheadIgp.payForGas
FN:78,OverheadIgp.setDestinationGasOverheads
FN:80,setDestinationGasOverheads
FN:97,quoteGasPayment
FN:97,OverheadIgp.quoteGasPayment
FN:117,destinationGasAmount
FN:117,OverheadIgp.destinationGasAmount
FN:129,_setDestinationGasOverhead
FN:129,OverheadIgp._setDestinationGasOverhead
FNDA:0,destinationGasAmount
FNDA:0,payForGas
FNDA:0,setDestinationGasOverheads
FNDA:5,OverheadIgp._setDestinationGasOverhead
FNDA:0,constructor
FNDA:0,_setDestinationGasOverhead
FNDA:1,OverheadIgp.quoteGasPayment
FNDA:1,OverheadIgp.payForGas
FNDA:5,OverheadIgp.setDestinationGasOverheads
FNDA:2,OverheadIgp.destinationGasAmount
FNDA:0,quoteGasPayment
FNF:11
FNH:5
DA:45,0
DA:65,1
DA:82,4
DA:83,5
DA:102,1
DA:122,4
DA:130,5
DA:131,5
LF:8
LH:7
end_of_record
TN:
SF:contracts/isms/MultisigIsm.sol
FN:87,constructor
FN:98,MultisigIsm.enrollValidators
FN:101,enrollValidators
FN:118,MultisigIsm.enrollValidator
FN:120,enrollValidator
FN:132,MultisigIsm.unenrollValidator
FN:134,unenrollValidator
FN:151,MultisigIsm.setThresholds
FN:154,setThresholds
FN:167,isEnrolled
FN:167,MultisigIsm.isEnrolled
FN:183,MultisigIsm.setThreshold
FN:183,setThreshold
FN:201,verify
FN:201,MultisigIsm.verify
FN:216,MultisigIsm.validators
FN:216,validators
FN:234,validatorsAndThreshold
FN:234,MultisigIsm.validatorsAndThreshold
FN:250,validatorCount
FN:250,MultisigIsm.validatorCount
FN:262,MultisigIsm._enrollValidator
FN:262,_enrollValidator
FN:273,MultisigIsm._updateCommitment
FN:273,_updateCommitment
FN:290,_verifyMerkleProof
FN:290,MultisigIsm._verifyMerkleProof
FN:309,_verifyValidatorSignatures
FN:309,MultisigIsm._verifyValidatorSignatures
FN:355,MultisigIsm._getDomainHash
FN:355,_getDomainHash
FN:376,MultisigIsm._getCheckpointDigest
FN:376,_getCheckpointDigest
FNDA:0,MultisigIsm._getDomainHash
FNDA:16,_getDomainHash
FNDA:50,setThreshold
FNDA:0,MultisigIsm.validators
FNDA:18,verify
FNDA:0,MultisigIsm._getCheckpointDigest
FNDA:0,MultisigIsm._verifyMerkleProof
FNDA:1261,_enrollValidator
FNDA:18,_verifyMerkleProof
FNDA:1347,validatorCount
FNDA:27,enrollValidators
FNDA:0,MultisigIsm.validatorsAndThreshold
FNDA:16,_getCheckpointDigest
FNDA:536,validators
FNDA:0,MultisigIsm.setThresholds
FNDA:111,constructor
FNDA:0,MultisigIsm.verify
FNDA:0,MultisigIsm.validatorCount
FNDA:0,MultisigIsm.isEnrolled
FNDA:2,isEnrolled
FNDA:0,MultisigIsm.unenrollValidator
FNDA:0,MultisigIsm._updateCommitment
FNDA:1,validatorsAndThreshold
FNDA:17,_verifyValidatorSignatures
FNDA:0,MultisigIsm.setThreshold
FNDA:0,MultisigIsm.enrollValidators
FNDA:9,setThresholds
FNDA:528,_updateCommitment
FNDA:38,unenrollValidator
FNDA:397,enrollValidator
FNDA:0,MultisigIsm._enrollValidator
FNDA:0,MultisigIsm._verifyValidatorSignatures
FNDA:0,MultisigIsm.enrollValidator
FNF:33
FNH:17
DA:102,27
DA:103,27
DA:104,48
DA:105,48
DA:106,864
DA:108,48
DA:122,397
DA:123,396
DA:136,38
DA:137,37
DA:138,37
DA:142,36
DA:143,27
DA:155,9
DA:156,9
DA:157,18
DA:172,2
DA:173,2
DA:184,50
DA:188,48
DA:189,48
DA:191,48
DA:206,18
DA:207,17
DA:208,15
DA:217,536
DA:218,536
DA:219,536
DA:220,536
DA:221,4864
DA:223,536
DA:239,1
DA:240,1
DA:241,1
DA:242,1
DA:251,1347
DA:263,1261
DA:264,1261
DA:265,1260
DA:274,525
DA:275,525
DA:276,525
DA:279,525
DA:280,522
DA:281,519
DA:295,18
DA:300,18
DA:313,17
DA:314,17
DA:315,17
DA:316,17
DA:318,17
DA:326,17
DA:327,16
DA:329,16
DA:330,16
DA:332,16
DA:333,272
DA:335,272
DA:337,0
DA:339,0
DA:342,272
DA:343,271
DA:345,15
DA:366,16
DA:381,16
DA:385,16
LF:67
LH:65
end_of_record
TN:
SF:contracts/libs/Call.sol
FN:23,_multicall
FN:23,CallLib._multicall
FN:34,_multicallAndResolve
FN:34,CallLib._multicallAndResolve
FNDA:0,CallLib._multicall
FNDA:0,_multicall
FNDA:0,_multicallAndResolve
FNDA:0,CallLib._multicallAndResolve
FNF:4
FNH:0
DA:13,0
DA:14,0
DA:15,0
DA:16,0
DA:17,0
DA:18,0
DA:24,0
DA:25,0
DA:26,0
DA:27,0
DA:28,0
DA:29,0
DA:39,0
DA:41,0
DA:42,0
DA:43,0
DA:44,0
DA:48,0
DA:49,0
DA:50,0
LF:20
LH:0
end_of_record
TN:
SF:contracts/libs/EnumerableMapExtended.sol
FN:17,EnumerableMapExtended.keys
FN:17,keys
FN:25,set
FN:25,EnumerableMapExtended.set
FN:33,get
FN:33,EnumerableMapExtended.get
FN:41,remove
FN:41,EnumerableMapExtended.remove
FN:48,contains
FN:48,EnumerableMapExtended.contains
FN:56,EnumerableMapExtended.length
FN:56,length
FN:64,EnumerableMapExtended.at
FN:64,at
FNDA:33,set
FNDA:0,EnumerableMapExtended.contains
FNDA:0,EnumerableMapExtended.set
FNDA:1,keys
FNDA:0,EnumerableMapExtended.length
FNDA:0,remove
FNDA:0,length
FNDA:0,EnumerableMapExtended.remove
FNDA:68,get
FNDA:75,contains
FNDA:0,EnumerableMapExtended.at
FNDA:0,at
FNDA:0,EnumerableMapExtended.get
FNDA:0,EnumerableMapExtended.keys
FNF:14
FNH:4
DA:22,1
DA:30,33
DA:38,68
DA:45,0
DA:53,75
DA:61,0
DA:69,0
DA:70,0
LF:8
LH:4
end_of_record
TN:
SF:contracts/libs/Merkle.sol
FN:29,MerkleLib.insert
FN:29,insert
FN:53,rootWithCtx
FN:53,MerkleLib.rootWithCtx
FN:72,root
FN:72,MerkleLib.root
FN:78,zeroHashes
FN:78,MerkleLib.zeroHashes
FN:125,branchRoot
FN:125,MerkleLib.branchRoot
FNDA:0,MerkleLib.rootWithCtx
FNDA:225,insert
FNDA:0,MerkleLib.branchRoot
FNDA:0,MerkleLib.root
FNDA:10,root
FNDA:69,branchRoot
FNDA:10,rootWithCtx
FNDA:0,MerkleLib.insert
FNDA:0,MerkleLib.zeroHashes
FNDA:15,zeroHashes
FNF:10
FNH:5
DA:30,225
DA:32,225
DA:33,225
DA:34,225
DA:35,366
DA:36,225
DA:37,225
DA:39,141
DA:40,141
DA:44,0
DA:58,10
DA:60,10
DA:61,320
DA:62,320
DA:63,320
DA:64,16
DA:66,304
DA:73,10
DA:83,15
DA:84,15
DA:85,15
DA:86,15
DA:87,15
DA:88,15
DA:89,15
DA:90,15
DA:91,15
DA:92,15
DA:93,15
DA:94,15
DA:95,15
DA:96,15
DA:97,15
DA:98,15
DA:99,15
DA:100,15
DA:101,15
DA:102,15
DA:103,15
DA:104,15
DA:105,15
DA:106,15
DA:107,15
DA:108,15
DA:109,15
DA:110,15
DA:111,15
DA:112,15
DA:113,15
DA:114,15
DA:130,69
DA:132,69
DA:133,2208
DA:134,2208
DA:135,2208
DA:136,132
DA:138,2076
LF:57
LH:56
end_of_record
TN:
SF:contracts/libs/Message.sol
FN:33,formatMessage
FN:33,Message.formatMessage
FN:59,Message.id
FN:59,id
FN:68,version
FN:68,Message.version
FN:77,nonce
FN:77,Message.nonce
FN:86,Message.origin
FN:86,origin
FN:95,sender
FN:95,Message.sender
FN:104,Message.senderAddress
FN:104,senderAddress
FN:117,destination
FN:117,Message.destination
FN:130,recipient
FN:130,Message.recipient
FN:143,recipientAddress
FN:143,Message.recipientAddress
FN:156,Message.body
FN:156,body
FNDA:44,sender
FNDA:90,recipient
FNDA:0,Message.body
FNDA:48,destination
FNDA:19,nonce
FNDA:0,Message.senderAddress
FNDA:89,recipientAddress
FNDA:0,Message.origin
FNDA:0,Message.recipient
FNDA:72,formatMessage
FNDA:44,body
FNDA:0,senderAddress
FNDA:0,Message.formatMessage
FNDA:0,Message.recipientAddress
FNDA:62,origin
FNDA:0,Message.id
FNDA:49,version
FNDA:0,Message.destination
FNDA:136,id
FNDA:0,Message.nonce
FNDA:0,Message.sender
FNDA:0,Message.version
FNF:22
FNH:10
DA:42,72
DA:60,136
DA:69,49
DA:78,19
DA:87,62
DA:96,44
DA:109,0
DA:122,48
DA:135,90
DA:148,89
DA:161,44
LF:11
LH:10
end_of_record
TN:
SF:contracts/libs/MinimalProxy.sol
FN:9,MinimalProxy.bytecode
FN:9,bytecode
FNDA:0,bytecode
FNDA:770,MinimalProxy.bytecode
FNF:2
FNH:1
DA:14,770
LF:1
LH:1
end_of_record
TN:
SF:contracts/libs/MultisigIsmMetadata.sol
FN:28,root
FN:28,MultisigIsmMetadata.root
FN:37,MultisigIsmMetadata.index
FN:37,index
FN:49,MultisigIsmMetadata.originMailbox
FN:49,originMailbox
FN:64,proof
FN:64,MultisigIsmMetadata.proof
FN:82,MultisigIsmMetadata.threshold
FN:82,threshold
FN:95,MultisigIsmMetadata.signatureAt
FN:95,signatureAt
FN:112,validatorAt
FN:112,MultisigIsmMetadata.validatorAt
FN:132,validators
FN:132,MultisigIsmMetadata.validators
FN:147,MultisigIsmMetadata.validatorCount
FN:147,validatorCount
FN:161,_validatorsOffset
FN:161,MultisigIsmMetadata._validatorsOffset
FNDA:0,MultisigIsmMetadata.root
FNDA:34,root
FNDA:16,index
FNDA:0,MultisigIsmMetadata._validatorsOffset
FNDA:0,MultisigIsmMetadata.proof
FNDA:0,MultisigIsmMetadata.signatureAt
FNDA:16,validatorCount
FNDA:0,MultisigIsmMetadata.validators
FNDA:338,threshold
FNDA:272,signatureAt
FNDA:0,MultisigIsmMetadata.threshold
FNDA:0,MultisigIsmMetadata.validatorAt
FNDA:0,MultisigIsmMetadata.validatorCount
FNDA:288,validatorAt
FNDA:0,MultisigIsmMetadata.index
FNDA:321,_validatorsOffset
FNDA:16,originMailbox
FNDA:0,MultisigIsmMetadata.originMailbox
FNDA:18,proof
FNDA:17,validators
FNF:20
FNH:10
DA:29,34
DA:38,16
DA:54,16
DA:69,18
DA:83,338
DA:100,272
DA:101,272
DA:102,272
DA:119,288
DA:120,288
DA:121,288
DA:137,17
DA:152,16
DA:166,321
LF:14
LH:14
end_of_record
TN:
SF:contracts/libs/TypeCasts.sol
FN:6,coerceString
FN:6,TypeCasts.coerceString
FN:26,TypeCasts.addressToBytes32
FN:26,addressToBytes32
FN:31,TypeCasts.bytes32ToAddress
FN:31,bytes32ToAddress
FNDA:0,coerceString
FNDA:0,TypeCasts.addressToBytes32
FNDA:75,addressToBytes32
FNDA:105,bytes32ToAddress
FNDA:0,TypeCasts.bytes32ToAddress
FNDA:0,TypeCasts.coerceString
FNF:6
FNH:2
DA:11,0
DA:12,0
DA:13,0
DA:17,0
DA:18,0
DA:27,75
DA:32,105
LF:7
LH:2
end_of_record
TN:
SF:contracts/libs/ValidatorAnnouncements.sol
FN:18,getAnnouncementDigest
FN:18,ValidatorAnnouncements.getAnnouncementDigest
FNDA:0,getAnnouncementDigest
FNDA:2,ValidatorAnnouncements.getAnnouncementDigest
FNF:2
FNH:1
DA:23,2
DA:30,2
LF:2
LH:2
end_of_record
TN:
SF:contracts/middleware/InterchainAccountRouter.sol
FN:39,constructor
FN:53,InterchainAccountRouter.initialize
FN:58,initialize
FN:86,InterchainAccountRouter.dispatch
FN:86,dispatch
FN:102,InterchainAccountRouter.getInterchainAccount
FN:102,getInterchainAccount
FN:116,getDeployedInterchainAccount
FN:116,InterchainAccountRouter.getDeployedInterchainAccount
FN:137,InterchainAccountRouter._salt
FN:137,_salt
FN:150,_getInterchainAccount
FN:150,InterchainAccountRouter._getInterchainAccount
FN:163,InterchainAccountRouter._handle
FN:163,_handle
FNDA:0,initialize
FNDA:0,dispatch
FNDA:768,InterchainAccountRouter.dispatch
FNDA:0,getDeployedInterchainAccount
FNDA:2,InterchainAccountRouter.getDeployedInterchainAccount
FNDA:0,getInterchainAccount
FNDA:0,InterchainAccountRouter.initialize
FNDA:0,constructor
FNDA:0,_getInterchainAccount
FNDA:0,InterchainAccountRouter.getInterchainAccount
FNDA:0,_salt
FNDA:0,_handle
FNDA:770,InterchainAccountRouter._getInterchainAccount
FNDA:768,InterchainAccountRouter._handle
FNDA:770,InterchainAccountRouter._salt
FNF:15
FNH:5
DA:40,0
DA:42,0
DA:43,0
DA:59,0
DA:76,256
DA:91,512
DA:92,512
DA:93,512
DA:107,0
DA:120,770
DA:121,770
DA:122,770
DA:123,770
DA:124,770
DA:125,770
DA:126,770
DA:128,770
DA:142,770
DA:155,770
DA:168,768
DA:172,768
LF:21
LH:16
end_of_record
TN:
SF:contracts/middleware/InterchainQueryRouter.sol
FN:59,InterchainQueryRouter.initialize
FN:64,initialize
FN:117,InterchainQueryRouter.query
FN:117,query
FN:138,_handle
FN:138,InterchainQueryRouter._handle
FNDA:0,query
FNDA:0,_handle
FNDA:1285,InterchainQueryRouter.query
FNDA:0,InterchainQueryRouter.initialize
FNDA:0,initialize
FNDA:2563,InterchainQueryRouter._handle
FNF:6
FNH:2
DA:65,0
DA:87,1285
DA:88,1285
DA:89,1285
DA:90,1285
DA:91,1285
DA:105,0
DA:106,0
DA:107,0
DA:108,0
DA:109,0
DA:122,1285
DA:126,1285
DA:130,1285
DA:143,2563
DA:144,2563
DA:145,1282
DA:150,1282
DA:154,1282
DA:155,1281
DA:156,1281
DA:157,1281
DA:158,1281
DA:162,1281
DA:163,1280
LF:25
LH:19
end_of_record
TN:
SF:contracts/middleware/liquidity-layer/LiquidityLayerRouter.sol
FN:28,LiquidityLayerRouter.initialize
FN:33,initialize
FN:42,LiquidityLayerRouter.dispatchWithTokens
FN:42,dispatchWithTokens
FN:85,LiquidityLayerRouter._handle
FN:85,_handle
FN:127,LiquidityLayerRouter.setLiquidityLayerAdapter
FN:129,setLiquidityLayerAdapter
FN:135,LiquidityLayerRouter._getAdapter
FN:135,_getAdapter
FNDA:0,initialize
FNDA:1,LiquidityLayerRouter.setLiquidityLayerAdapter
FNDA:12,LiquidityLayerRouter._getAdapter
FNDA:8,LiquidityLayerRouter.dispatchWithTokens
FNDA:0,dispatchWithTokens
FNDA:0,_handle
FNDA:0,setLiquidityLayerAdapter
FNDA:4,LiquidityLayerRouter._handle
FNDA:0,LiquidityLayerRouter.initialize
FNDA:0,_getAdapter
FNF:10
FNH:4
DA:34,0
DA:50,8
DA:55,7
DA:63,6
DA:71,6
DA:81,6
DA:91,4
DA:98,4
DA:103,4
DA:108,4
DA:116,3
DA:117,2
DA:131,1
DA:132,1
DA:140,12
DA:142,12
LF:16
LH:15
end_of_record
TN:
SF:contracts/middleware/liquidity-layer/adapters/CircleBridgeAdapter.sol
FN:57,onlyLiquidityLayerRouter
FN:68,CircleBridgeAdapter.initialize
FN:73,initialize
FN:84,CircleBridgeAdapter.sendTokens
FN:89,sendTokens
FN:124,CircleBridgeAdapter.receiveTokens
FN:129,receiveTokens
FN:164,_handle
FN:164,CircleBridgeAdapter._handle
FN:172,CircleBridgeAdapter.addDomain
FN:174,addDomain
FN:181,CircleBridgeAdapter.addToken
FN:183,addToken
FN:206,CircleBridgeAdapter.removeToken
FN:208,removeToken
FN:234,CircleBridgeAdapter._circleNonceId
FN:234,_circleNonceId
FNDA:0,addDomain
FNDA:0,CircleBridgeAdapter.initialize
FNDA:0,receiveTokens
FNDA:0,onlyLiquidityLayerRouter
FNDA:0,_circleNonceId
FNDA:0,initialize
FNDA:0,CircleBridgeAdapter.removeToken
FNDA:0,addToken
FNDA:0,CircleBridgeAdapter.addDomain
FNDA:6,CircleBridgeAdapter.sendTokens
FNDA:4,CircleBridgeAdapter._circleNonceId
FNDA:0,_handle
FNDA:0,removeToken
FNDA:0,CircleBridgeAdapter._handle
FNDA:0,sendTokens
FNDA:4,CircleBridgeAdapter.receiveTokens
FNDA:0,CircleBridgeAdapter.addToken
FNF:17
FNH:3
DA:58,0
DA:59,0
DA:75,0
DA:77,0
DA:78,0
DA:81,0
DA:90,6
DA:91,6
DA:96,6
DA:99,6
DA:100,6
DA:107,6
DA:112,6
DA:119,6
DA:120,6
DA:131,4
DA:135,4
DA:141,4
DA:142,4
DA:147,3
DA:148,3
DA:157,3
DA:159,3
DA:169,0
DA:176,0
DA:178,0
DA:185,0
DA:191,0
DA:192,0
DA:194,0
DA:195,0
DA:200,0
DA:201,0
DA:203,0
DA:211,0
DA:212,0
DA:214,0
DA:215,0
DA:221,0
DA:222,0
DA:224,0
DA:239,4
LF:42
LH:18
end_of_record
TN:
SF:contracts/middleware/liquidity-layer/adapters/PortalAdapter.sol
FN:51,onlyLiquidityLayerRouter
FN:62,PortalAdapter.initialize
FN:67,initialize
FN:82,PortalAdapter.sendTokens
FN:87,sendTokens
FN:125,PortalAdapter.receiveTokens
FN:130,receiveTokens
FN:158,PortalAdapter.completeTransfer
FN:158,completeTransfer
FN:187,_handle
FN:187,PortalAdapter._handle
FN:195,PortalAdapter.addDomain
FN:197,addDomain
FN:209,PortalAdapter.transferId
FN:209,transferId
FNDA:0,completeTransfer
FNDA:0,transferId
FNDA:0,sendTokens
FNDA:0,_handle
FNDA:0,PortalAdapter.addDomain
FNDA:256,PortalAdapter.completeTransfer
FNDA:768,PortalAdapter.sendTokens
FNDA:0,PortalAdapter.transferId
FNDA:0,PortalAdapter._handle
FNDA:0,initialize
FNDA:0,onlyLiquidityLayerRouter
FNDA:0,receiveTokens
FNDA:512,PortalAdapter.receiveTokens
FNDA:0,addDomain
FNDA:0,PortalAdapter.initialize
FNF:15
FNH:3
DA:52,0
DA:53,0
DA:69,0
DA:71,0
DA:72,0
DA:73,0
DA:88,768
DA:89,768
DA:93,768
DA:97,768
DA:102,768
DA:114,768
DA:115,768
DA:132,512
DA:134,512
DA:138,512
DA:143,256
DA:149,256
DA:150,256
DA:159,256
DA:161,256
DA:162,256
DA:166,256
DA:172,256
DA:180,256
DA:192,0
DA:199,0
DA:201,0
DA:214,768
LF:29
LH:20
end_of_record
