TN:
SF:/Users/asaoines/hyperlane/hyperlane-monorepo/solidity/contracts/Create2Factory.sol
FN:29,deploy
FN:53,deployAndInit
FN:72,deployedAddress
FN:94,_deploy
FNF:4
FNH:0
FNDA:0,deploy
FNDA:0,deployAndInit
FNDA:0,deployedAddress
FNDA:0,_deploy
DA:33,0
DA:58,0
DA:64,0
DA:65,0
DA:77,0
DA:78,0
DA:98,0
DA:101,0
DA:110,0
DA:112,0
LF:10
LH:0
BRDA:65,1,0,0
BRDA:65,1,1,0
BRDA:98,2,0,0
BRDA:98,2,1,0
BRDA:110,3,0,0
BRDA:110,3,1,0
BRF:6
BRH:0
end_of_record
TN:
SF:/Users/asaoines/hyperlane/hyperlane-monorepo/solidity/contracts/HyperlaneConnectionClient.sol
FN:49,onlyMailbox
FN:57,onlyContract
FN:66,__HyperlaneConnectionClient_initialize
FN:75,__HyperlaneConnectionClient_initialize
FN:84,__HyperlaneConnectionClient_initialize
FN:97,__HyperlaneConnectionClient_initialize
FN:110,setMailbox
FN:121,setInterchainGasPaymaster
FN:129,setInterchainSecurityModule
FN:142,_setInterchainGasPaymaster
FN:154,_setMailbox
FN:159,_setInterchainSecurityModule
FNF:12
FNH:7
FNDA:14,onlyMailbox
FNDA:326,onlyContract
FNDA:299,__HyperlaneConnectionClient_initialize
FNDA:0,__HyperlaneConnectionClient_initialize
FNDA:0,__HyperlaneConnectionClient_initialize
FNDA:0,__HyperlaneConnectionClient_initialize
FNDA:3,setMailbox
FNDA:24,setInterchainGasPaymaster
FNDA:0,setInterchainSecurityModule
FNDA:24,_setInterchainGasPaymaster
FNDA:302,_setMailbox
FNDA:0,_setInterchainSecurityModule
DA:50,14
DA:51,13
DA:58,326
DA:59,326
DA:68,299
DA:69,299
DA:76,0
DA:77,0
DA:85,0
DA:86,0
DA:98,0
DA:99,0
DA:100,0
DA:101,0
DA:111,3
DA:123,24
DA:131,0
DA:144,24
DA:147,24
DA:155,302
DA:156,302
DA:160,0
DA:164,0
DA:165,0
LF:24
LH:12
BRDA:50,1,0,13
BRDA:50,1,1,1
BRDA:58,2,0,326
BRDA:58,2,1,0
BRDA:160,3,0,0
BRDA:160,3,1,0
BRF:6
BRH:3
end_of_record
TN:
SF:/Users/asaoines/hyperlane/hyperlane-monorepo/solidity/contracts/igps/InterchainGasPaymaster.sol
FN:31,constructor
FN:37,initialize
FN:51,payForGas
FN:80,quoteGasPayment
FN:98,claim
FNF:5
FNH:5
FNDA:36,constructor
FNDA:36,initialize
FNDA:60,payForGas
FNDA:63,quoteGasPayment
FNDA:12,claim
DA:32,36
DA:38,36
DA:57,60
DA:61,60
DA:65,60
DA:66,60
DA:67,60
DA:68,55
DA:71,55
DA:87,63
DA:88,63
DA:91,63
DA:100,12
DA:101,10
LF:14
LH:14
BRDA:61,1,0,60
BRDA:61,1,1,0
BRDA:66,2,0,60
BRDA:66,2,1,0
BRDA:68,3,0,55
BRDA:68,3,1,0
BRDA:101,4,0,10
BRDA:101,4,1,0
BRF:8
BRH:4
end_of_record
TN:
SF:/Users/asaoines/hyperlane/hyperlane-monorepo/solidity/contracts/igps/OverheadIgp.sol
FN:44,constructor
FN:59,payForGas
FN:80,setDestinationGasOverheads
FN:97,quoteGasPayment
FN:117,destinationGasAmount
FN:129,_setDestinationGasOverhead
FNF:6
FNH:0
FNDA:0,constructor
FNDA:0,payForGas
FNDA:0,setDestinationGasOverheads
FNDA:0,quoteGasPayment
FNDA:0,destinationGasAmount
FNDA:0,_setDestinationGasOverhead
DA:45,0
DA:65,0
DA:82,0
DA:83,0
DA:102,0
DA:122,0
DA:130,0
DA:131,0
LF:8
LH:0
BRF:0
BRH:0
end_of_record
TN:
SF:/Users/asaoines/hyperlane/hyperlane-monorepo/solidity/contracts/isms/MultisigIsm.sol
FN:87,constructor
FN:101,enrollValidators
FN:120,enrollValidator
FN:134,unenrollValidator
FN:154,setThresholds
FN:167,isEnrolled
FN:183,setThreshold
FN:201,verify
FN:216,validators
FN:234,validatorsAndThreshold
FN:250,validatorCount
FN:262,_enrollValidator
FN:273,_updateCommitment
FN:290,_verifyMerkleProof
FN:309,_verifyValidatorSignatures
FN:355,_getDomainHash
FN:376,_getCheckpointDigest
FNF:17
FNH:17
FNDA:111,constructor
FNDA:27,enrollValidators
FNDA:397,enrollValidator
FNDA:38,unenrollValidator
FNDA:9,setThresholds
FNDA:2,isEnrolled
FNDA:50,setThreshold
FNDA:18,verify
FNDA:536,validators
FNDA:1,validatorsAndThreshold
FNDA:1347,validatorCount
FNDA:1261,_enrollValidator
FNDA:528,_updateCommitment
FNDA:18,_verifyMerkleProof
FNDA:17,_verifyValidatorSignatures
FNDA:16,_getDomainHash
FNDA:16,_getCheckpointDigest
DA:102,27
DA:103,27
DA:104,48
DA:105,48
DA:106,864
DA:108,48
DA:122,397
DA:123,396
DA:136,38
DA:137,37
DA:138,37
DA:142,36
DA:143,27
DA:155,9
DA:156,9
DA:157,18
DA:172,2
DA:173,2
DA:184,50
DA:188,48
DA:189,48
DA:191,48
DA:206,18
DA:207,17
DA:208,15
DA:217,536
DA:218,536
DA:219,536
DA:220,536
DA:221,4864
DA:223,536
DA:239,1
DA:240,1
DA:241,1
DA:242,1
DA:251,1347
DA:263,1261
DA:264,1261
DA:265,1260
DA:274,525
DA:275,525
DA:276,525
DA:279,525
DA:280,522
DA:281,519
DA:295,18
DA:300,18
DA:313,17
DA:314,17
DA:315,17
DA:316,17
DA:318,17
DA:326,17
DA:327,16
DA:329,16
DA:330,16
DA:332,16
DA:333,272
DA:335,272
DA:342,272
DA:343,271
DA:345,15
DA:366,16
DA:381,16
DA:385,16
LF:65
LH:65
BRDA:102,1,0,27
BRDA:102,1,1,0
BRDA:136,2,0,37
BRDA:136,2,1,1
BRDA:138,3,0,36
BRDA:138,3,1,1
BRDA:155,4,0,9
BRDA:155,4,1,0
BRDA:184,5,0,48
BRDA:184,5,1,2
BRDA:206,6,0,17
BRDA:206,6,1,1
BRDA:207,7,0,15
BRDA:207,7,1,2
BRDA:263,8,0,1261
BRDA:263,8,1,0
BRDA:264,9,0,1260
BRDA:264,9,1,1
BRDA:326,10,0,16
BRDA:326,10,1,1
BRDA:342,11,0,271
BRDA:342,11,1,1
BRF:22
BRH:19
end_of_record
TN:
SF:/Users/asaoines/hyperlane/hyperlane-monorepo/solidity/contracts/libs/Call.sol
FN:12,_multicall
FN:23,_multicall
FN:34,_multicallAndResolve
FNF:3
FNH:0
FNDA:0,_multicall
FNDA:0,_multicall
FNDA:0,_multicallAndResolve
DA:13,0
DA:14,0
DA:15,0
DA:16,0
DA:17,0
DA:18,0
DA:24,0
DA:25,0
DA:26,0
DA:27,0
DA:28,0
DA:29,0
DA:39,0
DA:41,0
DA:42,0
DA:43,0
DA:44,0
DA:48,0
DA:49,0
DA:50,0
LF:20
LH:0
BRF:0
BRH:0
end_of_record
TN:
SF:/Users/asaoines/hyperlane/hyperlane-monorepo/solidity/contracts/libs/EnumerableMapExtended.sol
FN:17,keys
FN:25,set
FN:33,get
FN:41,remove
FN:48,contains
FN:56,length
FN:64,at
FNF:7
FNH:4
FNDA:1,keys
FNDA:33,set
FNDA:68,get
FNDA:0,remove
FNDA:75,contains
FNDA:0,length
FNDA:0,at
DA:22,1
DA:30,33
DA:38,68
DA:45,0
DA:53,75
DA:61,0
DA:69,0
DA:70,0
LF:8
LH:4
BRF:0
BRH:0
end_of_record
TN:
SF:/Users/asaoines/hyperlane/hyperlane-monorepo/solidity/contracts/libs/Merkle.sol
FN:29,insert
FN:53,rootWithCtx
FN:72,root
FN:78,zeroHashes
FN:125,branchRoot
FNF:5
FNH:5
FNDA:225,insert
FNDA:10,rootWithCtx
FNDA:10,root
FNDA:15,zeroHashes
FNDA:69,branchRoot
DA:30,225
DA:32,225
DA:33,225
DA:34,225
DA:35,366
DA:36,225
DA:37,225
DA:39,141
DA:40,141
DA:44,0
DA:58,10
DA:60,10
DA:61,320
DA:62,320
DA:63,320
DA:64,16
DA:66,304
DA:73,10
DA:83,15
DA:84,15
DA:85,15
DA:86,15
DA:87,15
DA:88,15
DA:89,15
DA:90,15
DA:91,15
DA:92,15
DA:93,15
DA:94,15
DA:95,15
DA:96,15
DA:97,15
DA:98,15
DA:99,15
DA:100,15
DA:101,15
DA:102,15
DA:103,15
DA:104,15
DA:105,15
DA:106,15
DA:107,15
DA:108,15
DA:109,15
DA:110,15
DA:111,15
DA:112,15
DA:113,15
DA:114,15
DA:130,69
DA:132,69
DA:133,2208
DA:134,2208
DA:135,2208
DA:136,132
DA:138,2076
LF:57
LH:56
BRDA:30,1,0,225
BRDA:30,1,1,0
BRDA:35,2,0,225
BRDA:35,2,1,141
BRDA:63,3,0,16
BRDA:63,3,1,304
BRDA:135,4,0,132
BRDA:135,4,1,2076
BRF:8
BRH:7
end_of_record
TN:
SF:/Users/asaoines/hyperlane/hyperlane-monorepo/solidity/contracts/libs/Message.sol
FN:33,formatMessage
FN:59,id
FN:68,version
FN:77,nonce
FN:86,origin
FN:95,sender
FN:104,senderAddress
FN:117,destination
FN:130,recipient
FN:143,recipientAddress
FN:156,body
FNF:11
FNH:10
FNDA:72,formatMessage
FNDA:136,id
FNDA:49,version
FNDA:19,nonce
FNDA:62,origin
FNDA:44,sender
FNDA:0,senderAddress
FNDA:48,destination
FNDA:90,recipient
FNDA:89,recipientAddress
FNDA:44,body
DA:42,72
DA:60,136
DA:69,49
DA:78,19
DA:87,62
DA:96,44
DA:109,0
DA:122,48
DA:135,90
DA:148,89
DA:161,44
LF:11
LH:10
BRF:0
BRH:0
end_of_record
TN:
SF:/Users/asaoines/hyperlane/hyperlane-monorepo/solidity/contracts/libs/MinimalProxy.sol
FN:9,bytecode
FNF:1
FNH:0
FNDA:0,bytecode
DA:14,0
LF:1
LH:0
BRF:0
BRH:0
end_of_record
TN:
SF:/Users/asaoines/hyperlane/hyperlane-monorepo/solidity/contracts/libs/MultisigIsmMetadata.sol
FN:28,root
FN:37,index
FN:49,originMailbox
FN:64,proof
FN:82,threshold
FN:95,signatureAt
FN:112,validatorAt
FN:132,validators
FN:147,validatorCount
FN:161,_validatorsOffset
FNF:10
FNH:10
FNDA:34,root
FNDA:16,index
FNDA:16,originMailbox
FNDA:18,proof
FNDA:338,threshold
FNDA:272,signatureAt
FNDA:288,validatorAt
FNDA:17,validators
FNDA:16,validatorCount
FNDA:321,_validatorsOffset
DA:29,34
DA:38,16
DA:54,16
DA:69,18
DA:83,338
DA:100,272
DA:101,272
DA:102,272
DA:119,288
DA:120,288
DA:121,288
DA:137,17
DA:152,16
DA:166,321
LF:14
LH:14
BRF:0
BRH:0
end_of_record
TN:
SF:/Users/asaoines/hyperlane/hyperlane-monorepo/solidity/contracts/libs/TypeCasts.sol
FN:6,coerceString
FN:26,addressToBytes32
FN:31,bytes32ToAddress
FNF:3
FNH:2
FNDA:0,coerceString
FNDA:75,addressToBytes32
FNDA:105,bytes32ToAddress
DA:11,0
DA:12,0
DA:13,0
DA:17,0
DA:27,75
DA:32,105
LF:6
LH:2
BRF:0
BRH:0
end_of_record
TN:
SF:/Users/asaoines/hyperlane/hyperlane-monorepo/solidity/contracts/libs/ValidatorAnnouncements.sol
FN:18,getAnnouncementDigest
FNF:1
FNH:0
FNDA:0,getAnnouncementDigest
DA:23,0
DA:30,0
LF:2
LH:0
BRF:0
BRH:0
end_of_record
TN:
SF:/Users/asaoines/hyperlane/hyperlane-monorepo/solidity/contracts/Mailbox.sol
FN:110,constructor
FN:118,initialize
FN:132,setDefaultIsm
FN:147,dispatch
FN:182,process
FN:213,root
FN:220,count
FN:230,latestCheckpoint
FN:238,pause
FN:247,unpause
FN:255,isPaused
FN:265,recipientIsm
FN:292,_setDefaultIsm
FNF:13
FNH:12
FNDA:171,constructor
FNDA:480,initialize
FNDA:4,setDefaultIsm
FNDA:73,dispatch
FNDA:48,process
FNDA:5,root
FNDA:104,count
FNDA:0,latestCheckpoint
FNDA:9,pause
FNDA:3,unpause
FNDA:1,isPaused
FNDA:47,recipientIsm
FNDA:484,_setDefaultIsm
DA:111,171
DA:120,480
DA:121,480
DA:122,480
DA:123,480
DA:133,4
DA:148,73
DA:150,72
DA:161,72
DA:162,72
DA:163,72
DA:169,72
DA:170,70
DA:185,48
DA:186,47
DA:189,46
DA:190,46
DA:191,45
DA:194,45
DA:197,44
DA:200,43
DA:201,43
DA:202,43
DA:203,43
DA:204,35
DA:205,35
DA:214,5
DA:222,104
DA:231,0
DA:239,9
DA:240,9
DA:248,3
DA:249,3
DA:256,1
DA:274,47
DA:279,41
DA:280,1
DA:283,45
DA:293,484
DA:294,483
DA:295,483
LF:41
LH:40
BRDA:148,1,0,72
BRDA:148,1,1,1
BRDA:185,2,0,47
BRDA:185,2,1,1
BRDA:186,3,0,46
BRDA:186,3,1,1
BRDA:190,4,0,45
BRDA:190,4,1,1
BRDA:197,5,0,43
BRDA:197,5,1,1
BRDA:279,6,0,1
BRDA:279,6,1,40
BRDA:293,7,0,483
BRDA:293,7,1,1
BRF:14
BRH:14
end_of_record
TN:
SF:/Users/asaoines/hyperlane/hyperlane-monorepo/solidity/contracts/middleware/InterchainAccountRouter.sol
FN:39,constructor
FN:58,initialize
FN:72,dispatch
FN:86,dispatch
FN:102,getInterchainAccount
FN:116,getDeployedInterchainAccount
FN:137,_salt
FN:150,_getInterchainAccount
FN:163,_handle
FNF:9
FNH:0
FNDA:0,constructor
FNDA:0,initialize
FNDA:0,dispatch
FNDA:0,dispatch
FNDA:0,getInterchainAccount
FNDA:0,getDeployedInterchainAccount
FNDA:0,_salt
FNDA:0,_getInterchainAccount
FNDA:0,_handle
DA:40,0
DA:42,0
DA:43,0
DA:59,0
DA:76,0
DA:91,0
DA:92,0
DA:93,0
DA:107,0
DA:120,0
DA:121,0
DA:122,0
DA:123,0
DA:124,0
DA:125,0
DA:126,0
DA:128,0
DA:142,0
DA:155,0
DA:168,0
DA:172,0
LF:21
LH:0
BRDA:122,1,0,0
BRDA:122,1,1,0
BRF:2
BRH:0
end_of_record
TN:
SF:/Users/asaoines/hyperlane/hyperlane-monorepo/solidity/contracts/middleware/InterchainQueryRouter.sol
FN:64,initialize
FN:80,query
FN:99,query
FN:117,query
FN:138,_handle
FNF:5
FNH:0
FNDA:0,initialize
FNDA:0,query
FNDA:0,query
FNDA:0,query
FNDA:0,_handle
DA:65,0
DA:87,0
DA:88,0
DA:89,0
DA:90,0
DA:91,0
DA:105,0
DA:106,0
DA:107,0
DA:108,0
DA:109,0
DA:122,0
DA:126,0
DA:130,0
DA:143,0
DA:144,0
DA:145,0
DA:154,0
DA:155,0
DA:156,0
DA:158,0
DA:162,0
DA:163,0
LF:23
LH:0
BRDA:122,1,0,0
BRDA:122,1,1,0
BRDA:144,2,0,0
BRDA:144,2,1,0
BRDA:157,3,0,0
BRDA:157,3,1,0
BRF:6
BRH:0
end_of_record
TN:
SF:/Users/asaoines/hyperlane/hyperlane-monorepo/solidity/contracts/middleware/liquidity-layer/adapters/CircleBridgeAdapter.sol
FN:57,onlyLiquidityLayerRouter
FN:73,initialize
FN:89,sendTokens
FN:129,receiveTokens
FN:164,_handle
FN:174,addDomain
FN:183,addToken
FN:208,removeToken
FN:234,_circleNonceId
FNF:9
FNH:0
FNDA:0,onlyLiquidityLayerRouter
FNDA:0,initialize
FNDA:0,sendTokens
FNDA:0,receiveTokens
FNDA:0,_handle
FNDA:0,addDomain
FNDA:0,addToken
FNDA:0,removeToken
FNDA:0,_circleNonceId
DA:58,0
DA:59,0
DA:75,0
DA:77,0
DA:78,0
DA:81,0
DA:90,0
DA:91,0
DA:96,0
DA:99,0
DA:100,0
DA:107,0
DA:112,0
DA:119,0
DA:120,0
DA:131,0
DA:135,0
DA:141,0
DA:142,0
DA:147,0
DA:148,0
DA:157,0
DA:159,0
DA:169,0
DA:176,0
DA:178,0
DA:185,0
DA:191,0
DA:192,0
DA:194,0
DA:195,0
DA:200,0
DA:201,0
DA:203,0
DA:211,0
DA:212,0
DA:214,0
DA:215,0
DA:221,0
DA:222,0
DA:224,0
DA:239,0
LF:42
LH:0
BRDA:58,1,0,0
BRDA:58,1,1,0
BRDA:91,2,0,0
BRDA:91,2,1,0
BRDA:100,3,0,0
BRDA:100,3,1,0
BRDA:107,4,0,0
BRDA:107,4,1,0
BRDA:142,5,0,0
BRDA:142,5,1,0
BRDA:148,6,0,0
BRDA:148,6,1,0
BRDA:157,7,0,0
BRDA:157,7,1,0
BRDA:185,8,0,0
BRDA:185,8,1,0
BRDA:192,9,0,0
BRDA:192,9,1,0
BRDA:195,10,0,0
BRDA:195,10,1,0
BRDA:212,11,0,0
BRDA:212,11,1,0
BRDA:215,12,0,0
BRDA:215,12,1,0
BRF:24
BRH:0
end_of_record
TN:
SF:/Users/asaoines/hyperlane/hyperlane-monorepo/solidity/contracts/middleware/liquidity-layer/adapters/PortalAdapter.sol
FN:51,onlyLiquidityLayerRouter
FN:67,initialize
FN:87,sendTokens
FN:130,receiveTokens
FN:158,completeTransfer
FN:187,_handle
FN:197,addDomain
FN:209,transferId
FNF:8
FNH:0
FNDA:0,onlyLiquidityLayerRouter
FNDA:0,initialize
FNDA:0,sendTokens
FNDA:0,receiveTokens
FNDA:0,completeTransfer
FNDA:0,_handle
FNDA:0,addDomain
FNDA:0,transferId
DA:52,0
DA:53,0
DA:69,0
DA:71,0
DA:72,0
DA:73,0
DA:88,0
DA:89,0
DA:93,0
DA:97,0
DA:102,0
DA:114,0
DA:115,0
DA:132,0
DA:134,0
DA:138,0
DA:143,0
DA:149,0
DA:150,0
DA:159,0
DA:161,0
DA:166,0
DA:172,0
DA:180,0
DA:192,0
DA:199,0
DA:201,0
DA:214,0
LF:28
LH:0
BRDA:52,1,0,0
BRDA:52,1,1,0
BRDA:97,2,0,0
BRDA:97,2,1,0
BRDA:138,3,0,0
BRDA:138,3,1,0
BRDA:149,4,0,0
BRDA:149,4,1,0
BRF:8
BRH:0
end_of_record
TN:
SF:/Users/asaoines/hyperlane/hyperlane-monorepo/solidity/contracts/middleware/liquidity-layer/interfaces/circle/ICircleMessageTransmitter.sol
FNF:0
FNH:0
LF:0
LH:0
BRF:0
BRH:0
end_of_record
TN:
SF:/Users/asaoines/hyperlane/hyperlane-monorepo/solidity/contracts/middleware/liquidity-layer/interfaces/circle/ITokenMessenger.sol
FNF:0
FNH:0
LF:0
LH:0
BRF:0
BRH:0
end_of_record
TN:
SF:/Users/asaoines/hyperlane/hyperlane-monorepo/solidity/contracts/middleware/liquidity-layer/interfaces/ILiquidityLayerAdapter.sol
FNF:0
FNH:0
LF:0
LH:0
BRF:0
BRH:0
end_of_record
TN:
SF:/Users/asaoines/hyperlane/hyperlane-monorepo/solidity/contracts/middleware/liquidity-layer/interfaces/portal/IPortalTokenBridge.sol
FNF:0
FNH:0
LF:0
LH:0
BRF:0
BRH:0
end_of_record
TN:
SF:/Users/asaoines/hyperlane/hyperlane-monorepo/solidity/contracts/middleware/liquidity-layer/LiquidityLayerRouter.sol
FN:33,initialize
FN:42,dispatchWithTokens
FN:85,_handle
FN:129,setLiquidityLayerAdapter
FN:135,_getAdapter
FNF:5
FNH:0
FNDA:0,initialize
FNDA:0,dispatchWithTokens
FNDA:0,_handle
FNDA:0,setLiquidityLayerAdapter
FNDA:0,_getAdapter
DA:34,0
DA:50,0
DA:55,0
DA:63,0
DA:71,0
DA:81,0
DA:91,0
DA:103,0
DA:108,0
DA:116,0
DA:117,0
DA:131,0
DA:132,0
DA:140,0
DA:142,0
LF:15
LH:0
BRDA:55,1,0,0
BRDA:55,1,1,0
BRDA:116,2,0,0
BRDA:116,2,1,0
BRDA:142,3,0,0
BRDA:142,3,1,0
BRF:6
BRH:0
end_of_record
TN:
SF:/Users/asaoines/hyperlane/hyperlane-monorepo/solidity/contracts/mock/MockCircleMessageTransmitter.sol
FN:11,constructor
FN:15,receiveMessage
FN:23,hashSourceAndNonce
FN:31,process
FN:40,usedNonces
FNF:5
FNH:0
FNDA:0,constructor
FNDA:0,receiveMessage
FNDA:0,hashSourceAndNonce
FNDA:0,process
FNDA:0,usedNonces
DA:12,0
DA:20,0
DA:28,0
DA:36,0
DA:37,0
DA:41,0
LF:6
LH:0
BRF:0
BRH:0
end_of_record
TN:
SF:/Users/asaoines/hyperlane/hyperlane-monorepo/solidity/contracts/mock/MockCircleTokenMessenger.sol
FN:11,constructor
FN:15,depositForBurn
FN:28,depositForBurnWithCaller
FNF:3
FNH:0
FNDA:0,constructor
FNDA:0,depositForBurn
FNDA:0,depositForBurnWithCaller
DA:12,0
DA:21,0
DA:22,0
DA:23,0
DA:24,0
DA:25,0
DA:35,0
DA:36,0
LF:8
LH:0
BRDA:23,1,0,0
BRDA:23,1,1,0
BRF:2
BRH:0
end_of_record
TN:
SF:/Users/asaoines/hyperlane/hyperlane-monorepo/solidity/contracts/mock/MockHyperlaneEnvironment.sol
FN:20,constructor
FN:69,processNextPendingMessage
FN:73,processNextPendingMessageFromDestination
FNF:3
FNH:0
FNDA:0,constructor
FNDA:0,processNextPendingMessage
FNDA:0,processNextPendingMessageFromDestination
DA:21,0
DA:22,0
DA:24,0
DA:25,0
DA:27,0
DA:28,0
DA:30,0
DA:31,0
DA:33,0
DA:34,0
DA:36,0
DA:37,0
DA:39,0
DA:40,0
DA:42,0
DA:43,0
DA:49,0
DA:56,0
DA:60,0
DA:65,0
DA:66,0
DA:70,0
DA:74,0
LF:23
LH:0
BRF:0
BRH:0
end_of_record
TN:
SF:/Users/asaoines/hyperlane/hyperlane-monorepo/solidity/contracts/mock/MockMailbox.sol
FN:27,constructor
FN:31,addRemoteMailbox
FN:35,dispatch
FN:55,addInboundMessage
FN:70,processNextInboundMessage
FNF:5
FNH:5
FNDA:6,constructor
FNDA:3,addRemoteMailbox
FNDA:3,dispatch
FNDA:3,addInboundMessage
FNDA:3,processNextInboundMessage
DA:28,6
DA:32,3
DA:40,3
DA:41,3
DA:45,3
DA:51,3
DA:52,3
DA:61,3
DA:67,3
DA:71,3
DA:72,3
DA:77,3
LF:12
LH:12
BRDA:41,1,0,3
BRDA:41,1,1,0
BRF:2
BRH:1
end_of_record
TN:
SF:/Users/asaoines/hyperlane/hyperlane-monorepo/solidity/contracts/mock/MockPortalBridge.sol
FN:12,constructor
FN:16,transferTokensWithPayload
FN:30,wrappedAsset
FN:34,isWrappedAsset
FN:38,completeTransferWithPayload
FN:56,parseTransferWithPayload
FN:69,adapterData
FN:82,mockPortalVaa
FNF:8
FNH:0
FNDA:0,constructor
FNDA:0,transferTokensWithPayload
FNDA:0,wrappedAsset
FNDA:0,isWrappedAsset
FNDA:0,completeTransferWithPayload
FNDA:0,parseTransferWithPayload
FNDA:0,adapterData
FNDA:0,mockPortalVaa
DA:13,0
DA:24,0
DA:25,0
DA:26,0
DA:27,0
DA:31,0
DA:35,0
DA:42,0
DA:47,0
DA:49,0
DA:61,0
DA:65,0
DA:66,0
DA:74,0
DA:87,0
LF:15
LH:0
BRF:0
BRH:0
end_of_record
TN:
SF:/Users/asaoines/hyperlane/hyperlane-monorepo/solidity/contracts/mock/MockToken.sol
FN:7,mint
FN:11,burn
FNF:2
FNH:0
FNDA:0,mint
FNDA:0,burn
DA:8,0
DA:12,0
LF:2
LH:0
BRF:0
BRH:0
end_of_record
TN:
SF:/Users/asaoines/hyperlane/hyperlane-monorepo/solidity/contracts/OwnableMulticall.sol
FN:17,constructor
FN:21,initialize
FN:25,proxyCalls
FNF:3
FNH:0
FNDA:0,constructor
FNDA:0,initialize
FNDA:0,proxyCalls
DA:18,0
DA:22,0
DA:26,0
LF:3
LH:0
BRF:0
BRH:0
end_of_record
TN:
SF:/Users/asaoines/hyperlane/hyperlane-monorepo/solidity/contracts/PausableReentrancyGuard.sol
FN:17,__PausableReentrancyGuard_init
FN:21,_isPaused
FN:25,_pause
FN:29,_unpause
FN:37,notPaused
FN:49,nonReentrantAndNotPaused
FNF:6
FNH:6
FNDA:480,__PausableReentrancyGuard_init
FNDA:87,_isPaused
FNDA:9,_pause
FNDA:3,_unpause
FNDA:83,notPaused
FNDA:49,nonReentrantAndNotPaused
DA:18,480
DA:22,87
DA:26,9
DA:30,3
DA:31,3
DA:38,83
DA:39,82
DA:51,49
DA:54,48
DA:56,48
DA:60,35
LF:11
LH:11
BRDA:30,1,0,3
BRDA:30,1,1,0
BRDA:38,2,0,82
BRDA:38,2,1,1
BRDA:51,3,0,48
BRDA:51,3,1,1
BRF:6
BRH:5
end_of_record
TN:
SF:/Users/asaoines/hyperlane/hyperlane-monorepo/solidity/contracts/Router.sol
FN:36,onlyRemoteRouter
FN:45,__Router_initialize
FN:52,__Router_initialize
FN:63,__Router_initialize
FN:72,domains
FN:81,routers
FN:97,enrollRemoteRouter
FN:110,enrollRemoteRouters
FN:127,handle
FN:146,_enrollRemoteRouter
FN:156,_isRemoteRouter
FN:169,_mustHaveRemoteRouter
FN:188,_dispatchWithGas
FN:213,_dispatch
FNF:14
FNH:11
FNDA:13,onlyRemoteRouter
FNDA:0,__Router_initialize
FNDA:0,__Router_initialize
FNDA:0,__Router_initialize
FNDA:1,domains
FNDA:75,routers
FNDA:24,enrollRemoteRouter
FNDA:6,enrollRemoteRouters
FNDA:12,handle
FNDA:33,_enrollRemoteRouter
FNDA:17,_isRemoteRouter
FNDA:56,_mustHaveRemoteRouter
FNDA:25,_dispatchWithGas
FNDA:52,_dispatch
DA:37,13
DA:41,12
DA:46,0
DA:53,0
DA:64,0
DA:73,1
DA:74,1
DA:75,1
DA:76,2
DA:78,1
DA:82,75
DA:83,68
DA:85,7
DA:99,24
DA:111,6
DA:112,6
DA:113,9
DA:129,12
DA:147,33
DA:148,33
DA:161,17
DA:174,56
DA:175,56
DA:195,25
DA:198,24
DA:219,52
DA:220,50
LF:27
LH:24
BRDA:37,1,0,12
BRDA:37,1,1,1
BRDA:82,2,0,68
BRDA:82,2,1,7
BRDA:111,3,0,6
BRDA:111,3,1,0
BRDA:175,4,0,52
BRDA:175,4,1,4
BRF:8
BRH:7
end_of_record
TN:
SF:/Users/asaoines/hyperlane/hyperlane-monorepo/solidity/contracts/upgrade/ProxyAdmin.sol
FNF:0
FNH:0
LF:0
LH:0
BRF:0
BRH:0
end_of_record
TN:
SF:/Users/asaoines/hyperlane/hyperlane-monorepo/solidity/contracts/upgrade/TransparentUpgradeableProxy.sol
FNF:0
FNH:0
LF:0
LH:0
BRF:0
BRH:0
end_of_record
TN:
SF:/Users/asaoines/hyperlane/hyperlane-monorepo/solidity/contracts/upgrade/Versioned.sol
FNF:0
FNH:0
LF:0
LH:0
BRF:0
BRH:0
end_of_record
TN:
SF:/Users/asaoines/hyperlane/hyperlane-monorepo/solidity/contracts/ValidatorAnnounce.sol
FN:54,constructor
FN:68,announce
FN:101,getAnnouncedStorageLocations
FN:114,getAnnouncedValidators
FNF:4
FNH:0
FNDA:0,constructor
FNDA:0,announce
FNDA:0,getAnnouncedStorageLocations
FNDA:0,getAnnouncedValidators
DA:55,0
DA:56,0
DA:75,0
DA:78,0
DA:79,0
DA:82,0
DA:84,0
DA:85,0
DA:88,0
DA:89,0
DA:91,0
DA:92,0
DA:93,0
DA:106,0
DA:107,0
DA:108,0
DA:110,0
DA:115,0
LF:18
LH:0
BRDA:78,1,0,0
BRDA:78,1,1,0
BRDA:85,2,0,0
BRDA:85,2,1,0
BRDA:88,3,0,0
BRDA:88,3,1,0
BRF:6
BRH:0
end_of_record
